Build started 2/26/2015 2:46:28 PM.
     1>Project "C:\Users\grimscyth\Documents\School\CS 246\CIS246_ATM_assignment\ATMProject\ATMProject\ATMProject.vcxproj" on node 2 (Build target(s)).
     1>ClCompile:
         C:\Program Files (x86)\Microsoft Visual Studio 12.0\VC\bin\CL.exe /c /ZI /nologo /W3 /WX- /sdl /Od /Oy- /D _MBCS /Gm /EHsc /RTC1 /MDd /GS /fp:precise /Zc:wchar_t /Zc:forScope /Fo"Debug\\" /Fd"Debug\vc120.pdb" /Gd /TP /analyze- /errorReport:prompt ATM.cpp Source.cpp
         Source.cpp
     1>c:\users\grimscyth\documents\school\cs 246\cis246_atm_assignment\atmproject\atmproject\atm.h(32): warning C4200: nonstandard extension used : zero-sized array in struct/union
                 Cannot generate copy-ctor or copy-assignment operator when UDT contains a zero-sized array
         ATM.cpp
     1>c:\users\grimscyth\documents\school\cs 246\cis246_atm_assignment\atmproject\atmproject\atm.h(32): warning C4200: nonstandard extension used : zero-sized array in struct/union
                 Cannot generate copy-ctor or copy-assignment operator when UDT contains a zero-sized array
         Generating Code...
       Link:
         C:\Program Files (x86)\Microsoft Visual Studio 12.0\VC\bin\link.exe /ERRORREPORT:PROMPT /OUT:"C:\Users\grimscyth\Documents\School\CS 246\CIS246_ATM_assignment\ATMProject\Debug\ATMProject.exe" /INCREMENTAL /NOLOGO kernel32.lib user32.lib gdi32.lib winspool.lib comdlg32.lib advapi32.lib shell32.lib ole32.lib oleaut32.lib uuid.lib odbc32.lib odbccp32.lib /MANIFEST /MANIFESTUAC:"level='asInvoker' uiAccess='false'" /manifest:embed /DEBUG /PDB:"C:\Users\grimscyth\Documents\School\CS 246\CIS246_ATM_assignment\ATMProject\Debug\ATMProject.pdb" /TLBID:1 /DYNAMICBASE /NXCOMPAT /IMPLIB:"C:\Users\grimscyth\Documents\School\CS 246\CIS246_ATM_assignment\ATMProject\Debug\ATMProject.lib" /MACHINE:X86 Debug\Account.obj
         Debug\ATM.obj
         Debug\Customer.obj
         Debug\Source.obj
         ATMProject.vcxproj -> C:\Users\grimscyth\Documents\School\CS 246\CIS246_ATM_assignment\ATMProject\Debug\ATMProject.exe
     1>Done Building Project "C:\Users\grimscyth\Documents\School\CS 246\CIS246_ATM_assignment\ATMProject\ATMProject\ATMProject.vcxproj" (Build target(s)).

Build succeeded.

Time Elapsed 00:00:02.14
