c:\users\justin\desktop\cs246-atm\cis246_atm_assignment\atmproject\atmproject\debug\vc120.pdb
c:\users\justin\desktop\cs246-atm\cis246_atm_assignment\atmproject\atmproject\debug\vc120.idb
c:\users\justin\desktop\cs246-atm\cis246_atm_assignment\atmproject\atmproject\debug\account.obj
c:\users\justin\desktop\cs246-atm\cis246_atm_assignment\atmproject\atmproject\debug\atm.obj
c:\users\justin\desktop\cs246-atm\cis246_atm_assignment\atmproject\atmproject\debug\customer.obj
c:\users\justin\desktop\cs246-atm\cis246_atm_assignment\atmproject\atmproject\debug\source.obj
c:\users\grimscyth\documents\school\cs 246\cis246_atm_assignment\atmproject\atmproject\debug\vc120.pdb
c:\users\grimscyth\documents\school\cs 246\cis246_atm_assignment\atmproject\atmproject\debug\vc120.idb
c:\users\grimscyth\documents\school\cs 246\cis246_atm_assignment\atmproject\atmproject\debug\account.obj
c:\users\grimscyth\documents\school\cs 246\cis246_atm_assignment\atmproject\atmproject\debug\customer.obj
c:\users\justin\desktop\cs246-atm\cis246_atm_assignment\atmproject\debug\atmproject.ilk
c:\users\justin\desktop\cs246-atm\cis246_atm_assignment\atmproject\debug\atmproject.exe
c:\users\justin\desktop\cs246-atm\cis246_atm_assignment\atmproject\debug\atmproject.pdb
c:\users\grimscyth\documents\school\cs 246\cis246_atm_assignment\atmproject\debug\atmproject.pdb
c:\users\grimscyth\documents\school\cs 246\cis246_atm_assignment\atmproject\debug\atmproject.exe
c:\users\grimscyth\documents\school\cs 246\cis246_atm_assignment\atmproject\debug\atmproject.ilk
c:\users\grimscyth\documents\school\cs 246\cis246_atm_assignment\atmproject\atmproject\debug\atmproject.tlog\cl.command.1.tlog
c:\users\grimscyth\documents\school\cs 246\cis246_atm_assignment\atmproject\atmproject\debug\atmproject.tlog\cl.read.1.tlog
c:\users\grimscyth\documents\school\cs 246\cis246_atm_assignment\atmproject\atmproject\debug\atmproject.tlog\cl.write.1.tlog
c:\users\grimscyth\documents\school\cs 246\cis246_atm_assignment\atmproject\atmproject\debug\atmproject.tlog\link.command.1.tlog
c:\users\grimscyth\documents\school\cs 246\cis246_atm_assignment\atmproject\atmproject\debug\atmproject.tlog\link.read.1.tlog
c:\users\grimscyth\documents\school\cs 246\cis246_atm_assignment\atmproject\atmproject\debug\atmproject.tlog\link.write.1.tlog
